[debug] [2026-06-12T17:07:57.590Z] ----------------------------------------------------------------------
[debug] [2026-06-12T17:07:57.594Z] Command:       C:\Program Files\nodejs\node.exe C:\Users\pos1\AppData\Roaming\npm\node_modules\firebase-tools\lib\bin\firebase.js deploy -P mgc-1-9f15d
[debug] [2026-06-12T17:07:57.594Z] CLI Version:   15.20.0
[debug] [2026-06-12T17:07:57.594Z] Platform:      win32
[debug] [2026-06-12T17:07:57.595Z] Node Version:  v24.16.0
[debug] [2026-06-12T17:07:57.595Z] Time:          Fri Jun 12 2026 10:07:57 GMT-0700 (Pacific Daylight Time)
[debug] [2026-06-12T17:07:57.595Z] ----------------------------------------------------------------------
[debug] 
[debug] [2026-06-12T17:07:59.788Z] > command requires scopes: ["email","openid","https://www.googleapis.com/auth/cloudplatformprojects.readonly","https://www.googleapis.com/auth/firebase","https://www.googleapis.com/auth/cloud-platform"]
[debug] [2026-06-12T17:07:59.789Z] > authorizing via signed-in user (erictatch@gmail.com)
[debug] [2026-06-12T17:07:59.789Z] [iam] checking project mgc-1-9f15d for permissions ["cloudfunctions.functions.create","cloudfunctions.functions.delete","cloudfunctions.functions.get","cloudfunctions.functions.list","cloudfunctions.functions.update","cloudfunctions.operations.get","datastore.indexes.create","datastore.indexes.delete","datastore.indexes.list","datastore.indexes.update","firebase.projects.get","firebasehosting.sites.update","firebaserules.releases.create","firebaserules.releases.update","firebaserules.rulesets.create"]
[debug] [2026-06-12T17:07:59.790Z] Checked if tokens are valid: true, expires at: 1781285726550
[debug] [2026-06-12T17:07:59.790Z] Checked if tokens are valid: true, expires at: 1781285726550
[debug] [2026-06-12T17:07:59.791Z] >>> [apiv2][query] POST https://cloudresourcemanager.googleapis.com/v1/projects/mgc-1-9f15d:testIamPermissions [none]
[debug] [2026-06-12T17:07:59.791Z] >>> [apiv2][(partial)header] POST https://cloudresourcemanager.googleapis.com/v1/projects/mgc-1-9f15d:testIamPermissions  x-goog-user-project=mgc-1-9f15d
[debug] [2026-06-12T17:07:59.792Z] >>> [apiv2][body] POST https://cloudresourcemanager.googleapis.com/v1/projects/mgc-1-9f15d:testIamPermissions {"permissions":["cloudfunctions.functions.create","cloudfunctions.functions.delete","cloudfunctions.functions.get","cloudfunctions.functions.list","cloudfunctions.functions.update","cloudfunctions.operations.get","datastore.indexes.create","datastore.indexes.delete","datastore.indexes.list","datastore.indexes.update","firebase.projects.get","firebasehosting.sites.update","firebaserules.releases.create","firebaserules.releases.update","firebaserules.rulesets.create"]}
[debug] [2026-06-12T17:07:59.922Z] <<< [apiv2][status] POST https://cloudresourcemanager.googleapis.com/v1/projects/mgc-1-9f15d:testIamPermissions 200
[debug] [2026-06-12T17:07:59.922Z] <<< [apiv2][body] POST https://cloudresourcemanager.googleapis.com/v1/projects/mgc-1-9f15d:testIamPermissions {"permissions":["cloudfunctions.functions.create","cloudfunctions.functions.delete","cloudfunctions.functions.get","cloudfunctions.functions.list","cloudfunctions.functions.update","cloudfunctions.operations.get","datastore.indexes.create","datastore.indexes.delete","datastore.indexes.list","datastore.indexes.update","firebase.projects.get","firebasehosting.sites.update","firebaserules.releases.create","firebaserules.releases.update","firebaserules.rulesets.create"]}
[debug] [2026-06-12T17:07:59.923Z] Checked if tokens are valid: true, expires at: 1781285726550
[debug] [2026-06-12T17:07:59.923Z] Checked if tokens are valid: true, expires at: 1781285726550
[debug] [2026-06-12T17:07:59.923Z] >>> [apiv2][query] POST https://iam.googleapis.com/v1/projects/mgc-1-9f15d/serviceAccounts/mgc-1-9f15d@appspot.gserviceaccount.com:testIamPermissions [none]
[debug] [2026-06-12T17:07:59.923Z] >>> [apiv2][body] POST https://iam.googleapis.com/v1/projects/mgc-1-9f15d/serviceAccounts/mgc-1-9f15d@appspot.gserviceaccount.com:testIamPermissions {"permissions":["iam.serviceAccounts.actAs"]}
[debug] [2026-06-12T17:08:00.073Z] <<< [apiv2][status] POST https://iam.googleapis.com/v1/projects/mgc-1-9f15d/serviceAccounts/mgc-1-9f15d@appspot.gserviceaccount.com:testIamPermissions 404
[debug] [2026-06-12T17:08:00.073Z] <<< [apiv2][body] POST https://iam.googleapis.com/v1/projects/mgc-1-9f15d/serviceAccounts/mgc-1-9f15d@appspot.gserviceaccount.com:testIamPermissions {"error":{"code":404,"message":"Unknown service account","status":"NOT_FOUND"}}
[debug] [2026-06-12T17:08:00.073Z] [functions] service account IAM check errored, deploy may fail: Request to https://iam.googleapis.com/v1/projects/mgc-1-9f15d/serviceAccounts/mgc-1-9f15d@appspot.gserviceaccount.com:testIamPermissions had HTTP Error: 404, Unknown service account {"name":"FirebaseError","children":[],"context":{"body":{"error":{"code":404,"message":"Unknown service account","status":"NOT_FOUND"}},"response":{"statusCode":404}},"exit":1,"message":"Request to https://iam.googleapis.com/v1/projects/mgc-1-9f15d/serviceAccounts/mgc-1-9f15d@appspot.gserviceaccount.com:testIamPermissions had HTTP Error: 404, Unknown service account","status":404}
[debug] [2026-06-12T17:08:00.074Z] Checked if tokens are valid: true, expires at: 1781285726550
[debug] [2026-06-12T17:08:00.074Z] Checked if tokens are valid: true, expires at: 1781285726550
[debug] [2026-06-12T17:08:00.074Z] >>> [apiv2][query] GET https://firebase.googleapis.com/v1beta1/projects/mgc-1-9f15d [none]
[debug] [2026-06-12T17:08:00.488Z] <<< [apiv2][status] GET https://firebase.googleapis.com/v1beta1/projects/mgc-1-9f15d 200
[debug] [2026-06-12T17:08:00.488Z] <<< [apiv2][body] GET https://firebase.googleapis.com/v1beta1/projects/mgc-1-9f15d {"projectId":"mgc-1-9f15d","projectNumber":"513728179403","displayName":"100GIGZ","name":"projects/mgc-1-9f15d","resources":{"hostingSite":"mgc-1-9f15d"},"state":"ACTIVE","etag":"1_07058976-1307-4946-9a5c-1fb732cbf58a"}
[info] 
[info] === Deploying to 'mgc-1-9f15d'...
[info] 
[info] i  deploying storage, firestore, functions, hosting 
[info] i  storage: ensuring required API firebasestorage.googleapis.com is enabled... 
[debug] [2026-06-12T17:08:00.493Z] Checked if tokens are valid: true, expires at: 1781285726550
[debug] [2026-06-12T17:08:00.493Z] Checked if tokens are valid: true, expires at: 1781285726550
[debug] [2026-06-12T17:08:00.493Z] >>> [apiv2][query] GET https://firebasestorage.googleapis.com/v1alpha/projects/mgc-1-9f15d/defaultBucket [none]
[debug] [2026-06-12T17:08:00.705Z] <<< [apiv2][status] GET https://firebasestorage.googleapis.com/v1alpha/projects/mgc-1-9f15d/defaultBucket 200
[debug] [2026-06-12T17:08:00.706Z] <<< [apiv2][body] GET https://firebasestorage.googleapis.com/v1alpha/projects/mgc-1-9f15d/defaultBucket {"name":"projects/mgc-1-9f15d/defaultBucket","location":"US-WEST1","bucket":{"name":"projects/mgc-1-9f15d/buckets/mgc-1-9f15d.firebasestorage.app"},"storageClass":"REGIONAL"}
[info] i  firebase.storage: checking storage.rules for compilation errors... 
[debug] [2026-06-12T17:08:00.707Z] Checked if tokens are valid: true, expires at: 1781285726550
[debug] [2026-06-12T17:08:00.707Z] Checked if tokens are valid: true, expires at: 1781285726550
[debug] [2026-06-12T17:08:00.707Z] >>> [apiv2][query] POST https://firebaserules.googleapis.com/v1/projects/mgc-1-9f15d:test [none]
[debug] [2026-06-12T17:08:00.707Z] >>> [apiv2][body] POST https://firebaserules.googleapis.com/v1/projects/mgc-1-9f15d:test [omitted]
[debug] [2026-06-12T17:08:00.950Z] <<< [apiv2][status] POST https://firebaserules.googleapis.com/v1/projects/mgc-1-9f15d:test 200
[debug] [2026-06-12T17:08:00.950Z] <<< [apiv2][body] POST https://firebaserules.googleapis.com/v1/projects/mgc-1-9f15d:test {}
[info] +  firebase.storage: rules file storage.rules compiled successfully 
[info] i  firestore: ensuring required API firestore.googleapis.com is enabled... 
[info] i  firestore: ensuring required API firestore.googleapis.com is enabled... 
[debug] [2026-06-12T17:08:00.952Z] Checked if tokens are valid: true, expires at: 1781285726550
[debug] [2026-06-12T17:08:00.952Z] Checked if tokens are valid: true, expires at: 1781285726550
[debug] [2026-06-12T17:08:00.952Z] >>> [apiv2][query] GET https://firestore.googleapis.com/v1/projects/mgc-1-9f15d/databases/(default) [none]
[debug] [2026-06-12T17:08:01.366Z] <<< [apiv2][status] GET https://firestore.googleapis.com/v1/projects/mgc-1-9f15d/databases/(default) 200
[debug] [2026-06-12T17:08:01.367Z] <<< [apiv2][body] GET https://firestore.googleapis.com/v1/projects/mgc-1-9f15d/databases/(default) {"name":"projects/mgc-1-9f15d/databases/(default)","uid":"9f9d7676-df0d-4adf-a0ee-9ce704fa522c","createTime":"2026-06-04T22:20:53.372375Z","updateTime":"2026-06-04T22:20:53.372375Z","locationId":"nam5","type":"FIRESTORE_NATIVE","concurrencyMode":"PESSIMISTIC","versionRetentionPeriod":"3600s","earliestVersionTime":"2026-06-12T16:08:01.387950Z","appEngineIntegrationMode":"DISABLED","keyPrefix":"s","pointInTimeRecoveryEnablement":"POINT_IN_TIME_RECOVERY_DISABLED","deleteProtectionState":"DELETE_PROTECTION_DISABLED","databaseEdition":"STANDARD","freeTier":true,"realtimeUpdatesMode":"REALTIME_UPDATES_MODE_ENABLED","etag":"II+OqaeYgpUDMJSBse/V7pQD"}
[info] i  cloud.firestore: checking firestore.rules for compilation errors... 
[debug] [2026-06-12T17:08:01.367Z] Checked if tokens are valid: true, expires at: 1781285726550
[debug] [2026-06-12T17:08:01.368Z] Checked if tokens are valid: true, expires at: 1781285726550
[debug] [2026-06-12T17:08:01.368Z] >>> [apiv2][query] POST https://firebaserules.googleapis.com/v1/projects/mgc-1-9f15d:test [none]
[debug] [2026-06-12T17:08:01.368Z] >>> [apiv2][body] POST https://firebaserules.googleapis.com/v1/projects/mgc-1-9f15d:test [omitted]
[debug] [2026-06-12T17:08:01.976Z] <<< [apiv2][status] POST https://firebaserules.googleapis.com/v1/projects/mgc-1-9f15d:test 200
[debug] [2026-06-12T17:08:01.977Z] <<< [apiv2][body] POST https://firebaserules.googleapis.com/v1/projects/mgc-1-9f15d:test {}
[info] +  cloud.firestore: rules file firestore.rules compiled successfully 
[debug] [2026-06-12T17:08:01.979Z] Checked if tokens are valid: true, expires at: 1781285726550
[debug] [2026-06-12T17:08:01.979Z] Checked if tokens are valid: true, expires at: 1781285726550
[debug] [2026-06-12T17:08:01.979Z] >>> [apiv2][query] GET https://cloudresourcemanager.googleapis.com/v1/projects/mgc-1-9f15d [none]
[debug] [2026-06-12T17:08:02.068Z] <<< [apiv2][status] GET https://cloudresourcemanager.googleapis.com/v1/projects/mgc-1-9f15d 200
[debug] [2026-06-12T17:08:02.069Z] <<< [apiv2][body] GET https://cloudresourcemanager.googleapis.com/v1/projects/mgc-1-9f15d {"projectNumber":"513728179403","projectId":"mgc-1-9f15d","lifecycleState":"ACTIVE","name":"100GIGZ","labels":{"firebase":"enabled","firebase-core":"disabled"},"createTime":"2026-06-04T22:19:41.347Z"}
[info] i  functions: preparing codebase default for deployment 
[info] i  functions: ensuring required API cloudfunctions.googleapis.com is enabled... 
[info] i  functions: ensuring required API cloudbuild.googleapis.com is enabled... 
[info] i  artifactregistry: ensuring required API artifactregistry.googleapis.com is enabled... 
[debug] [2026-06-12T17:08:02.071Z] Checked if tokens are valid: true, expires at: 1781285726550
[debug] [2026-06-12T17:08:02.071Z] Checked if tokens are valid: true, expires at: 1781285726550
[debug] [2026-06-12T17:08:02.072Z] >>> [apiv2][query] GET https://firebase.googleapis.com/v1beta1/projects/mgc-1-9f15d/adminSdkConfig [none]
[debug] [2026-06-12T17:08:02.301Z] <<< [apiv2][status] GET https://firebase.googleapis.com/v1beta1/projects/mgc-1-9f15d/adminSdkConfig 200
[debug] [2026-06-12T17:08:02.301Z] <<< [apiv2][body] GET https://firebase.googleapis.com/v1beta1/projects/mgc-1-9f15d/adminSdkConfig {"projectId":"mgc-1-9f15d","storageBucket":"mgc-1-9f15d.firebasestorage.app"}
[debug] [2026-06-12T17:08:02.301Z] Checked if tokens are valid: true, expires at: 1781285726550
[debug] [2026-06-12T17:08:02.301Z] Checked if tokens are valid: true, expires at: 1781285726550
[debug] [2026-06-12T17:08:02.302Z] >>> [apiv2][query] GET https://runtimeconfig.googleapis.com/v1beta1/projects/mgc-1-9f15d/configs [none]
[debug] [2026-06-12T17:08:02.522Z] <<< [apiv2][status] GET https://runtimeconfig.googleapis.com/v1beta1/projects/mgc-1-9f15d/configs 200
[debug] [2026-06-12T17:08:02.522Z] <<< [apiv2][body] GET https://runtimeconfig.googleapis.com/v1beta1/projects/mgc-1-9f15d/configs {}
[debug] [2026-06-12T17:08:02.524Z] Validating nodejs source
[warn] !  functions: Runtime Node.js 20 was deprecated on 2026-04-30 and will be decommissioned on 2026-10-30, after which you will not be able to deploy without upgrading. Consider upgrading now to avoid disruption. See https://cloud.google.com/functions/docs/runtime-support for full details on the lifecycle policy 
[warn] !  functions: package.json indicates an outdated version of firebase-functions. Please upgrade using npm install --save firebase-functions@latest in your functions directory. 
[warn] !  functions: Please note that there will be breaking changes when you upgrade. 
[debug] [2026-06-12T17:08:03.819Z] > [functions] package.json contents: {
  "name": "100gigz-firebase-functions",
  "private": true,
  "type": "module",
  "main": "index.js",
  "engines": {
    "node": "20"
  },
  "dependencies": {
    "firebase-admin": "^13.10.0",
    "firebase-functions": "^6.6.0"
  }
}
[debug] [2026-06-12T17:08:03.819Z] Building nodejs source
[info] i  functions: Loading and analyzing source code for codebase default to determine what to deploy 
[debug] [2026-06-12T17:08:03.820Z] Could not find functions.yaml. Must use http discovery
[debug] [2026-06-12T17:08:03.836Z] Found firebase-functions binary at 'C:\Users\pos1\Documents\100GIGZ\functions\node_modules\.bin\firebase-functions'
[info] Serving at port 8073

[debug] [2026-06-12T17:08:04.834Z] Got response from /__/functions.yaml {"endpoints":{"api":{"availableMemoryMb":null,"timeoutSeconds":null,"minInstances":null,"maxInstances":null,"ingressSettings":null,"concurrency":null,"serviceAccountEmail":null,"vpc":null,"platform":"gcfv2","region":["us-central1"],"secretEnvironmentVariables":[{"key":"VAULT_PASSWORD"}],"labels":{},"httpsTrigger":{},"entryPoint":"api"}},"specVersion":"v1alpha1","requiredAPIs":[],"extensions":{},"params":[{"type":"secret","name":"VAULT_PASSWORD"}]}
